Using pre-set license
Built from '2021.3/staging' branch; Version is '2021.3.16f1 (4016570cf34f) revision 4200023'; Using compiler version '192829333'; Build Type 'Release'
OS: 'Windows 10  (10.0.19045) 64bit Core' Language: 'en' Physical Memory: 8013 MB
BatchMode: 1, IsHumanControllingUs: 0, StartBugReporterOnCrash: 0, Is64bit: 1, IsPro: 1

COMMAND LINE ARGUMENTS:
C:\Program Files\Unity\Hub\Editor\2021.3.16f1\Editor\Unity.exe
-adb2
-batchMode
-noUpm
-name
AssetImportWorker0
-projectPath
C:/Users/CNSB21/Documents/GitHub/TheFiveEnchantedLands/My project (2)
-logFile
Logs/AssetImportWorker0.log
-srvPort
60617
Successfully changed project path to: C:/Users/CNSB21/Documents/GitHub/TheFiveEnchantedLands/My project (2)
C:/Users/CNSB21/Documents/GitHub/TheFiveEnchantedLands/My project (2)
[UnityMemory] Configuration Parameters - Can be set up in boot.config
    "memorysetup-bucket-allocator-granularity=16"
    "memorysetup-bucket-allocator-bucket-count=8"
    "memorysetup-bucket-allocator-block-size=33554432"
    "memorysetup-bucket-allocator-block-count=8"
    "memorysetup-main-allocator-block-size=16777216"
    "memorysetup-thread-allocator-block-size=16777216"
    "memorysetup-gfx-main-allocator-block-size=16777216"
    "memorysetup-gfx-thread-allocator-block-size=16777216"
    "memorysetup-cache-allocator-block-size=4194304"
    "memorysetup-typetree-allocator-block-size=2097152"
    "memorysetup-profiler-bucket-allocator-granularity=16"
    "memorysetup-profiler-bucket-allocator-bucket-count=8"
    "memorysetup-profiler-bucket-allocator-block-size=33554432"
    "memorysetup-profiler-bucket-allocator-block-count=8"
    "memorysetup-profiler-allocator-block-size=16777216"
    "memorysetup-profiler-editor-allocator-block-size=1048576"
    "memorysetup-temp-allocator-size-main=16777216"
    "memorysetup-job-temp-allocator-block-size=2097152"
    "memorysetup-job-temp-allocator-block-size-background=1048576"
    "memorysetup-job-temp-allocator-reduction-small-platforms=262144"
    "memorysetup-temp-allocator-size-background-worker=32768"
    "memorysetup-temp-allocator-size-job-worker=262144"
    "memorysetup-temp-allocator-size-preload-manager=33554432"
    "memorysetup-temp-allocator-size-nav-mesh-worker=65536"
    "memorysetup-temp-allocator-size-audio-worker=65536"
    "memorysetup-temp-allocator-size-cloud-worker=32768"
    "memorysetup-temp-allocator-size-gi-baking-worker=262144"
    "memorysetup-temp-allocator-size-gfx=262144"
Player connection [14492] Host "[IP] 10.0.0.79 [Port] 0 [Flags] 2 [Guid] 28759414 [EditorId] 28759414 [Version] 1048832 [Id] WindowsEditor(7,MSI) [Debug] 1 [PackageName] WindowsEditor [ProjectName] Editor" joined multi-casting on [225.0.0.222:54997]...

Player connection [14492] Host "[IP] 10.0.0.79 [Port] 0 [Flags] 2 [Guid] 28759414 [EditorId] 28759414 [Version] 1048832 [Id] WindowsEditor(7,MSI) [Debug] 1 [PackageName] WindowsEditor [ProjectName] Editor" joined alternative multi-casting on [225.0.0.222:34997]...

Refreshing native plugins compatible for Editor in 90.96 ms, found 3 plugins.
Preloading 0 native plugins for Editor in 0.00 ms.
Initialize engine version: 2021.3.16f1 (4016570cf34f)
[Subsystems] Discovering subsystems at path C:/Program Files/Unity/Hub/Editor/2021.3.16f1/Editor/Data/Resources/UnitySubsystems
[Subsystems] Discovering subsystems at path C:/Users/CNSB21/Documents/GitHub/TheFiveEnchantedLands/My project (2)/Assets
GfxDevice: creating device client; threaded=0; jobified=0
Direct3D:
    Version:  Direct3D 11.0 [level 11.1]
    Renderer: NVIDIA GeForce GTX 1650 with Max-Q Design (ID=0x1f9d)
    Vendor:   NVIDIA
    VRAM:     3962 MB
    Driver:   30.0.15.1165
Initialize mono
Mono path[0] = 'C:/Program Files/Unity/Hub/Editor/2021.3.16f1/Editor/Data/Managed'
Mono path[1] = 'C:/Program Files/Unity/Hub/Editor/2021.3.16f1/Editor/Data/MonoBleedingEdge/lib/mono/unityjit-win32'
Mono config path = 'C:/Program Files/Unity/Hub/Editor/2021.3.16f1/Editor/Data/MonoBleedingEdge/etc'
Using monoOptions --debugger-agent=transport=dt_socket,embedding=1,server=y,suspend=n,address=127.0.0.1:56276
Begin MonoManager ReloadAssembly
Registering precompiled unity dll's ...
Register platform support module: C:/Program Files/Unity/Hub/Editor/2021.3.16f1/Editor/Data/PlaybackEngines/AndroidPlayer/UnityEditor.Android.Extensions.dll
Register platform support module: C:/Program Files/Unity/Hub/Editor/2021.3.16f1/Editor/Data/PlaybackEngines/WindowsStandaloneSupport/UnityEditor.WindowsStandalone.Extensions.dll
Registered in 0.007425 seconds.
Native extension for WindowsStandalone target not found
Native extension for Android target not found
Refreshing native plugins compatible for Editor in 95.04 ms, found 3 plugins.
Preloading 0 native plugins for Editor in 0.00 ms.
Mono: successfully reloaded assembly
- Completed reload, in  0.626 seconds
Domain Reload Profiling:
	ReloadAssembly (627ms)
		BeginReloadAssembly (69ms)
			ExecutionOrderSort (0ms)
			DisableScriptedObjects (0ms)
			BackupInstance (0ms)
			ReleaseScriptingObjects (0ms)
			CreateAndSetChildDomain (1ms)
		EndReloadAssembly (455ms)
			LoadAssemblies (67ms)
			RebuildTransferFunctionScriptingTraits (0ms)
			SetupTypeCache (106ms)
			ReleaseScriptCaches (0ms)
			RebuildScriptCaches (25ms)
			SetupLoadedEditorAssemblies (278ms)
				LogAssemblyErrors (0ms)
				InitializePlatformSupportModulesInManaged (50ms)
				SetLoadedEditorAssemblies (0ms)
				RefreshPlugins (95ms)
				BeforeProcessingInitializeOnLoad (1ms)
				ProcessInitializeOnLoadAttributes (89ms)
				ProcessInitializeOnLoadMethodAttributes (42ms)
				AfterProcessingInitializeOnLoad (0ms)
				EditorAssembliesLoaded (0ms)
			ExecutionOrderSort2 (0ms)
			AwakeInstancesAfterBackupRestoration (0ms)
Platform modules already initialized, skipping
Registering precompiled user dll's ...
Registered in 0.005435 seconds.
Begin MonoManager ReloadAssembly
Symbol file LoadedFromMemory doesn't match image C:\Users\CNSB21\Documents\GitHub\TheFiveEnchantedLands\My project (2)\Library\PackageCache\com.unity.visualscripting@1.7.8\Editor\VisualScripting.Core\Dependencies\YamlDotNet\Unity.VisualScripting.YamlDotNet.dll
Symbol file LoadedFromMemory doesn't match image C:\Users\CNSB21\Documents\GitHub\TheFiveEnchantedLands\My project (2)\Library\PackageCache\com.unity.visualscripting@1.7.8\Editor\VisualScripting.Core\Dependencies\DotNetZip\Unity.VisualScripting.IonicZip.dll
Native extension for WindowsStandalone target not found
Native extension for Android target not found
Refreshing native plugins compatible for Editor in 0.75 ms, found 3 plugins.
Preloading 0 native plugins for Editor in 0.00 ms.
Mono: successfully reloaded assembly
- Completed reload, in  1.123 seconds
Domain Reload Profiling:
	ReloadAssembly (1124ms)
		BeginReloadAssembly (219ms)
			ExecutionOrderSort (0ms)
			DisableScriptedObjects (5ms)
			BackupInstance (0ms)
			ReleaseScriptingObjects (0ms)
			CreateAndSetChildDomain (127ms)
		EndReloadAssembly (798ms)
			LoadAssemblies (90ms)
			RebuildTransferFunctionScriptingTraits (0ms)
			SetupTypeCache (263ms)
			ReleaseScriptCaches (1ms)
			RebuildScriptCaches (51ms)
			SetupLoadedEditorAssemblies (365ms)
				LogAssemblyErrors (0ms)
				InitializePlatformSupportModulesInManaged (13ms)
				SetLoadedEditorAssemblies (0ms)
				RefreshPlugins (1ms)
				BeforeProcessingInitializeOnLoad (84ms)
				ProcessInitializeOnLoadAttributes (238ms)
				ProcessInitializeOnLoadMethodAttributes (23ms)
				AfterProcessingInitializeOnLoad (7ms)
				EditorAssembliesLoaded (0ms)
			ExecutionOrderSort2 (0ms)
			AwakeInstancesAfterBackupRestoration (6ms)
Platform modules already initialized, skipping
========================================================================
Worker process is ready to serve import requests
Launched and connected shader compiler UnityShaderCompiler.exe after 0.03 seconds
Refreshing native plugins compatible for Editor in 1.36 ms, found 3 plugins.
Preloading 0 native plugins for Editor in 0.00 ms.
Unloading 3542 Unused Serialized files (Serialized files now loaded: 0)
Unloading 38 unused Assets / (129.0 KB). Loaded Objects now: 4003.
Memory consumption went from 126.1 MB to 126.0 MB.
Total: 3.229100 ms (FindLiveObjects: 0.307700 ms CreateObjectMapping: 0.336100 ms MarkObjects: 2.491000 ms  DeleteObjects: 0.093500 ms)

AssetImportParameters requested are different than current active one (requested -> active):
  custom:video-decoder-ogg-theora: a1e56fd34408186e4bbccfd4996cb3dc -> 
  custom:container-muxer-webm: aa71ff27fc2769a1b78a27578f13a17b -> 
  custom:container-demuxer-webm: 4f35f7cbe854078d1ac9338744f61a02 -> 
  custom:video-encoder-webm-vp8: eb34c28f22e8b96e1ab97ce403110664 -> 
  custom:audio-encoder-webm-vorbis: bf7c407c2cedff20999df2af8eb42d56 -> 
  custom:framework-win-MediaFoundation: 216162199b28c13a410421893ffa2e32 -> 
  custom:container-demuxer-ogg: 62fdf1f143b41e24485cea50d1cbac27 -> 
  custom:video-decoder-webm-vp8: 9c59270c3fd7afecdb556c50c9e8de78 -> 
  custom:audio-decoder-ogg-vorbis: bf7c407c2cedff20999df2af8eb42d56 -> 
========================================================================
Received Import Request.
  Time since last request: 77529.451039 seconds.
  path: Assets/Low_Swordman/Demo/Sprite/webGL-ui_button_Fill.png
  artifactKey: Guid(fa61cfacce39345498dba8541b9744a6) Importer(815301076,1909f56bfc062723c751e8b465ee728b)
Start importing Assets/Low_Swordman/Demo/Sprite/webGL-ui_button_Fill.png using Guid(fa61cfacce39345498dba8541b9744a6) Importer(815301076,1909f56bfc062723c751e8b465ee728b)  -> (artifact id: '368856f2445f2d0a49a48fc7b7fde619') in 0.101149 seconds 
========================================================================
Received Import Request.
  Time since last request: 0.000019 seconds.
  path: Assets/Low_Swordman/Demo/Pallet/Light_Soil_Sample_44.asset
  artifactKey: Guid(9f1dd42c0c642884888037a478c61f4c) Importer(815301076,1909f56bfc062723c751e8b465ee728b)
Start importing Assets/Low_Swordman/Demo/Pallet/Light_Soil_Sample_44.asset using Guid(9f1dd42c0c642884888037a478c61f4c) Importer(815301076,1909f56bfc062723c751e8b465ee728b)  -> (artifact id: '2c06d27e2ce7f92de9a228394dec2b7b') in 0.049977 seconds 
========================================================================
Received Import Request.
  Time since last request: 0.000055 seconds.
  path: Assets/Low_Swordman/Demo/Pallet/Light_Soil_Sample_21.asset
  artifactKey: Guid(a7d59b5de42b8a04ca6e5dca602428e2) Importer(815301076,1909f56bfc062723c751e8b465ee728b)
Start importing Assets/Low_Swordman/Demo/Pallet/Light_Soil_Sample_21.asset using Guid(a7d59b5de42b8a04ca6e5dca602428e2) Importer(815301076,1909f56bfc062723c751e8b465ee728b)  -> (artifact id: '91fde7bfcc58c82e39c85646225f9a25') in 0.027515 seconds 
========================================================================
Received Import Request.
  Time since last request: 0.000020 seconds.
  path: Assets/Low_Swordman/Demo/Pallet/Light_Soil_Sample_26.asset
  artifactKey: Guid(f19b76adf3e0b6d499515b1d2b1dbebf) Importer(815301076,1909f56bfc062723c751e8b465ee728b)
Start importing Assets/Low_Swordman/Demo/Pallet/Light_Soil_Sample_26.asset using Guid(f19b76adf3e0b6d499515b1d2b1dbebf) Importer(815301076,1909f56bfc062723c751e8b465ee728b)  -> (artifact id: 'ab526f76f134332ff83ea9a9a9284401') in 0.028938 seconds 
========================================================================
Received Import Request.
  Time since last request: 0.000127 seconds.
  path: Assets/Low_Swordman/Demo/Sprite/webGL-ui_move.png
  artifactKey: Guid(1300a8d6a01c3c347b3a54a380fe86f8) Importer(815301076,1909f56bfc062723c751e8b465ee728b)
Start importing Assets/Low_Swordman/Demo/Sprite/webGL-ui_move.png using Guid(1300a8d6a01c3c347b3a54a380fe86f8) Importer(815301076,1909f56bfc062723c751e8b465ee728b)  -> (artifact id: '8fd8f12a32bbe84bbfda628308e93bdf') in 0.022782 seconds 
========================================================================
Received Import Request.
  Time since last request: 0.000025 seconds.
  path: Assets/Low_Swordman/Demo/Pallet/Light_Soil_Sample_29.asset
  artifactKey: Guid(18b2477f95b54164a9368c95da4f7e77) Importer(815301076,1909f56bfc062723c751e8b465ee728b)
Start importing Assets/Low_Swordman/Demo/Pallet/Light_Soil_Sample_29.asset using Guid(18b2477f95b54164a9368c95da4f7e77) Importer(815301076,1909f56bfc062723c751e8b465ee728b)  -> (artifact id: '49ad3efdd72025b367d3e571ef4c4b95') in 0.027219 seconds 
========================================================================
Received Import Request.
  Time since last request: 0.000016 seconds.
  path: Assets/Low_Swordman/Demo/Pallet/Light_Soil_Sample_39.asset
  artifactKey: Guid(c174c072904dd32499353b4984991465) Importer(815301076,1909f56bfc062723c751e8b465ee728b)
Start importing Assets/Low_Swordman/Demo/Pallet/Light_Soil_Sample_39.asset using Guid(c174c072904dd32499353b4984991465) Importer(815301076,1909f56bfc062723c751e8b465ee728b)  -> (artifact id: '23bc46edf9b51c972f5b76ee2a6a2cff') in 0.028164 seconds 
========================================================================
Received Import Request.
  Time since last request: 0.000022 seconds.
  path: Assets/Low_Swordman/Demo/Pallet/Light_Soil_Sample_19.asset
  artifactKey: Guid(5477cdc1f640a1f4a8ab9d3084f7a946) Importer(815301076,1909f56bfc062723c751e8b465ee728b)
Start importing Assets/Low_Swordman/Demo/Pallet/Light_Soil_Sample_19.asset using Guid(5477cdc1f640a1f4a8ab9d3084f7a946) Importer(815301076,1909f56bfc062723c751e8b465ee728b)  -> (artifact id: '33364578ed5f8c077873963e67e0ed37') in 0.029322 seconds 
========================================================================
Received Import Request.
  Time since last request: 0.000031 seconds.
  path: Assets/Low_Swordman/Demo/Sprite/Mountain_2-001.png
  artifactKey: Guid(68d595fbad75ba14eb26974e08fa7718) Importer(815301076,1909f56bfc062723c751e8b465ee728b)
Start importing Assets/Low_Swordman/Demo/Sprite/Mountain_2-001.png using Guid(68d595fbad75ba14eb26974e08fa7718) Importer(815301076,1909f56bfc062723c751e8b465ee728b)  -> (artifact id: '10710cbf56c75882d1336e913dde7cbe') in 0.034251 seconds 
========================================================================
Received Import Request.
  Time since last request: 0.000020 seconds.
  path: Assets/Low_Swordman/Demo/Pallet/Light_Soil_Sample_42.asset
  artifactKey: Guid(a55256c849a73694191af3a0ec8b106c) Importer(815301076,1909f56bfc062723c751e8b465ee728b)
Start importing Assets/Low_Swordman/Demo/Pallet/Light_Soil_Sample_42.asset using Guid(a55256c849a73694191af3a0ec8b106c) Importer(815301076,1909f56bfc062723c751e8b465ee728b)  -> (artifact id: 'a75be349e8fcf2e13cfa3ed1f542e75d') in 0.021401 seconds 
========================================================================
Received Import Request.
  Time since last request: 0.000041 seconds.
  path: Assets/Low_Swordman/Demo/Pallet/Light_Soil_Sample_17.asset
  artifactKey: Guid(66423cb8e9b93a24cba17aa5f2e3bfd6) Importer(815301076,1909f56bfc062723c751e8b465ee728b)
Start importing Assets/Low_Swordman/Demo/Pallet/Light_Soil_Sample_17.asset using Guid(66423cb8e9b93a24cba17aa5f2e3bfd6) Importer(815301076,1909f56bfc062723c751e8b465ee728b)  -> (artifact id: '6f9107a2b49f3a354d687c92a7c739a4') in 0.021464 seconds 
========================================================================
Received Import Request.
  Time since last request: 0.000019 seconds.
  path: Assets/Low_Swordman/Demo/Pallet/Light_Soil_Sample_31.asset
  artifactKey: Guid(5aa7216e321ac9f4cba89ea0200c4964) Importer(815301076,1909f56bfc062723c751e8b465ee728b)
Start importing Assets/Low_Swordman/Demo/Pallet/Light_Soil_Sample_31.asset using Guid(5aa7216e321ac9f4cba89ea0200c4964) Importer(815301076,1909f56bfc062723c751e8b465ee728b)  -> (artifact id: '4d06a2c753dd68c6c864924e0e90438d') in 0.023555 seconds 
========================================================================
Received Import Request.
  Time since last request: 0.000023 seconds.
  path: Assets/Low_Swordman/Demo/Pallet/Light_Soil_Sample_3.asset
  artifactKey: Guid(f269eba1260f6994ab79efb1b48ac109) Importer(815301076,1909f56bfc062723c751e8b465ee728b)
Start importing Assets/Low_Swordman/Demo/Pallet/Light_Soil_Sample_3.asset using Guid(f269eba1260f6994ab79efb1b48ac109) Importer(815301076,1909f56bfc062723c751e8b465ee728b)  -> (artifact id: '87838f851dc7134c39d4f56a034c7cf3') in 0.025949 seconds 
========================================================================
Received Import Request.
  Time since last request: 0.000025 seconds.
  path: Assets/Low_Swordman/Demo/Pallet/Light_Soil_Sample_40.asset
  artifactKey: Guid(1fe4b578127f7b5468d10c167f4501c7) Importer(815301076,1909f56bfc062723c751e8b465ee728b)
Start importing Assets/Low_Swordman/Demo/Pallet/Light_Soil_Sample_40.asset using Guid(1fe4b578127f7b5468d10c167f4501c7) Importer(815301076,1909f56bfc062723c751e8b465ee728b)  -> (artifact id: 'babdd1f371cbdd82c36ef319b40f7f5a') in 0.024192 seconds 
========================================================================
Received Import Request.
  Time since last request: 0.000028 seconds.
  path: Assets/Low_Swordman/Demo/Pallet/Light_Soil_Sample_16.asset
  artifactKey: Guid(246b5389984d5ef4e90a38cf3edaf185) Importer(815301076,1909f56bfc062723c751e8b465ee728b)
Start importing Assets/Low_Swordman/Demo/Pallet/Light_Soil_Sample_16.asset using Guid(246b5389984d5ef4e90a38cf3edaf185) Importer(815301076,1909f56bfc062723c751e8b465ee728b)  -> (artifact id: '44c344a20cc93e1fd61bb9a8f0da2447') in 0.023012 seconds 
========================================================================
Received Import Request.
  Time since last request: 0.000031 seconds.
  path: Assets/Low_Swordman/Demo/Pallet/Light_Soil_Sample_34.asset
  artifactKey: Guid(6df9e6fd7959b0a4ea60d5afba7c0bf4) Importer(815301076,1909f56bfc062723c751e8b465ee728b)
Start importing Assets/Low_Swordman/Demo/Pallet/Light_Soil_Sample_34.asset using Guid(6df9e6fd7959b0a4ea60d5afba7c0bf4) Importer(815301076,1909f56bfc062723c751e8b465ee728b)  -> (artifact id: '2dbc6cadb9903c57a4717f5841ac5603') in 0.028465 seconds 
========================================================================
Received Import Request.
  Time since last request: 0.000021 seconds.
  path: Assets/Low_Swordman/Demo/Pallet/Light_Soil_Sample_41.asset
  artifactKey: Guid(4ddea8779f4a7514883c691bc4ac9ef9) Importer(815301076,1909f56bfc062723c751e8b465ee728b)
Start importing Assets/Low_Swordman/Demo/Pallet/Light_Soil_Sample_41.asset using Guid(4ddea8779f4a7514883c691bc4ac9ef9) Importer(815301076,1909f56bfc062723c751e8b465ee728b)  -> (artifact id: '4bcd7f6db7a08fb7eb7a1a85b7e0bda1') in 0.031512 seconds 
========================================================================
Received Import Request.
  Time since last request: 0.000018 seconds.
  path: Assets/Low_Swordman/Demo/Pallet/Light_Soil_Sample_48.asset
  artifactKey: Guid(c72cfd60ff1ade14791b028ee9e07b2d) Importer(815301076,1909f56bfc062723c751e8b465ee728b)
Start importing Assets/Low_Swordman/Demo/Pallet/Light_Soil_Sample_48.asset using Guid(c72cfd60ff1ade14791b028ee9e07b2d) Importer(815301076,1909f56bfc062723c751e8b465ee728b)  -> (artifact id: '44307640070d87610afbf0711266a5bd') in 0.024156 seconds 
========================================================================
Received Import Request.
  Time since last request: 0.000028 seconds.
  path: Assets/Low_Swordman/Demo/Pallet/Light_Soil_Sample_11.asset
  artifactKey: Guid(f0d7f06f024295e4e8ff364fb236fc70) Importer(815301076,1909f56bfc062723c751e8b465ee728b)
Start importing Assets/Low_Swordman/Demo/Pallet/Light_Soil_Sample_11.asset using Guid(f0d7f06f024295e4e8ff364fb236fc70) Importer(815301076,1909f56bfc062723c751e8b465ee728b)  -> (artifact id: '0bdba1ff341dd67deef38f4ff5a267d3') in 0.023169 seconds 
========================================================================
Received Import Request.
  Time since last request: 0.000097 seconds.
  path: Assets/Low_Swordman/Demo/Pallet/Light_Soil_Sample_6.asset
  artifactKey: Guid(806789aacb7488847b2772012705513a) Importer(815301076,1909f56bfc062723c751e8b465ee728b)
Start importing Assets/Low_Swordman/Demo/Pallet/Light_Soil_Sample_6.asset using Guid(806789aacb7488847b2772012705513a) Importer(815301076,1909f56bfc062723c751e8b465ee728b)  -> (artifact id: 'fd7d3a866a12397bec4a5bd0b880a2d9') in 0.024569 seconds 
========================================================================
Received Import Request.
  Time since last request: 0.000056 seconds.
  path: Assets/Low_Swordman/Demo/Pallet/Light_Soil_Sample_36.asset
  artifactKey: Guid(93011f9876e4eeb4f985cd97b4d5832d) Importer(815301076,1909f56bfc062723c751e8b465ee728b)
Start importing Assets/Low_Swordman/Demo/Pallet/Light_Soil_Sample_36.asset using Guid(93011f9876e4eeb4f985cd97b4d5832d) Importer(815301076,1909f56bfc062723c751e8b465ee728b)  -> (artifact id: '2ae433460acbcc36e8b363fae3abf3cf') in 0.027595 seconds 
========================================================================
Received Import Request.
  Time since last request: 0.000038 seconds.
  path: Assets/Low_Swordman/Demo/Pallet/Light_Soil_Sample_22.asset
  artifactKey: Guid(eff2593c698b57542a51cb6dd37646c2) Importer(815301076,1909f56bfc062723c751e8b465ee728b)
Start importing Assets/Low_Swordman/Demo/Pallet/Light_Soil_Sample_22.asset using Guid(eff2593c698b57542a51cb6dd37646c2) Importer(815301076,1909f56bfc062723c751e8b465ee728b)  -> (artifact id: '9f4f3ba1361ea364fa64123e168ef13f') in 0.033043 seconds 
========================================================================
Received Import Request.
  Time since last request: 0.000038 seconds.
  path: Assets/Low_Swordman/Demo/Pallet/Light_Soil_Sample_28.asset
  artifactKey: Guid(cf75c2ca882b1f943b10442141c7c6b4) Importer(815301076,1909f56bfc062723c751e8b465ee728b)
Start importing Assets/Low_Swordman/Demo/Pallet/Light_Soil_Sample_28.asset using Guid(cf75c2ca882b1f943b10442141c7c6b4) Importer(815301076,1909f56bfc062723c751e8b465ee728b)  -> (artifact id: 'a21d48d6808e63f7083611e660c13417') in 0.023563 seconds 
========================================================================
Received Import Request.
  Time since last request: 0.000033 seconds.
  path: Assets/Low_Swordman/Demo/Pallet/Light_Soil_Sample_2.asset
  artifactKey: Guid(1f2688a65828031409658468741bcfab) Importer(815301076,1909f56bfc062723c751e8b465ee728b)
Start importing Assets/Low_Swordman/Demo/Pallet/Light_Soil_Sample_2.asset using Guid(1f2688a65828031409658468741bcfab) Importer(815301076,1909f56bfc062723c751e8b465ee728b)  -> (artifact id: 'c47e05722eb6cf0610833b1696b51c83') in 0.023055 seconds 
========================================================================
Received Import Request.
  Time since last request: 0.000023 seconds.
  path: Assets/Low_Swordman/Demo/Pallet/Light_Soil_Sample_25.asset
  artifactKey: Guid(18b975cb5fa096341956c311a5e03278) Importer(815301076,1909f56bfc062723c751e8b465ee728b)
Start importing Assets/Low_Swordman/Demo/Pallet/Light_Soil_Sample_25.asset using Guid(18b975cb5fa096341956c311a5e03278) Importer(815301076,1909f56bfc062723c751e8b465ee728b)  -> (artifact id: '14cb26c36a82765ffee965fab0abf5e3') in 0.022214 seconds 
========================================================================
Received Import Request.
  Time since last request: 0.000015 seconds.
  path: Assets/Low_Swordman/Demo/DemoPrefab/Canvas.prefab
  artifactKey: Guid(2e1151cbd0a77a847ab536b0f05cb03c) Importer(815301076,1909f56bfc062723c751e8b465ee728b)
Start importing Assets/Low_Swordman/Demo/DemoPrefab/Canvas.prefab using Guid(2e1151cbd0a77a847ab536b0f05cb03c) Importer(815301076,1909f56bfc062723c751e8b465ee728b)  -> (artifact id: '13cacd8d6a3b584c938f9499fc2fc59b') in 0.024864 seconds 
========================================================================
Received Import Request.
  Time since last request: 0.000019 seconds.
  path: Assets/Low_Swordman/Demo/Pallet/Light_Soil_Sample_35.asset
  artifactKey: Guid(9d237139d98225147bec1cadd4ae4e20) Importer(815301076,1909f56bfc062723c751e8b465ee728b)
Start importing Assets/Low_Swordman/Demo/Pallet/Light_Soil_Sample_35.asset using Guid(9d237139d98225147bec1cadd4ae4e20) Importer(815301076,1909f56bfc062723c751e8b465ee728b)  -> (artifact id: 'a944154b9e77351db6799b6155f98c4a') in 0.022252 seconds 
========================================================================
Received Import Request.
  Time since last request: 0.000021 seconds.
  path: Assets/Low_Swordman/Demo/Pallet/Light_Soil_Sample_43.asset
  artifactKey: Guid(f2caf30b0c9cc1549b4b753af652d5f7) Importer(815301076,1909f56bfc062723c751e8b465ee728b)
Start importing Assets/Low_Swordman/Demo/Pallet/Light_Soil_Sample_43.asset using Guid(f2caf30b0c9cc1549b4b753af652d5f7) Importer(815301076,1909f56bfc062723c751e8b465ee728b)  -> (artifact id: '6c4a07f2b507a42cb18808972dd8faa7') in 0.022136 seconds 
========================================================================
Received Import Request.
  Time since last request: 0.000031 seconds.
  path: Assets/Low_Swordman/Demo/Sprite/webGL-ui_mouse_Fill.png
  artifactKey: Guid(226da39bc4b92d44cbca3bf35c87bba2) Importer(815301076,1909f56bfc062723c751e8b465ee728b)
Start importing Assets/Low_Swordman/Demo/Sprite/webGL-ui_mouse_Fill.png using Guid(226da39bc4b92d44cbca3bf35c87bba2) Importer(815301076,1909f56bfc062723c751e8b465ee728b)  -> (artifact id: '7a1fe29f6f0eb52f23eb7a34bb39fb3c') in 0.018124 seconds 
========================================================================
Received Import Request.
  Time since last request: 0.000025 seconds.
  path: Assets/Low_Swordman/Demo/Pallet/Light_Soil_Sample_23.asset
  artifactKey: Guid(f9922602ad540f047a297023a0facd56) Importer(815301076,1909f56bfc062723c751e8b465ee728b)
Start importing Assets/Low_Swordman/Demo/Pallet/Light_Soil_Sample_23.asset using Guid(f9922602ad540f047a297023a0facd56) Importer(815301076,1909f56bfc062723c751e8b465ee728b)  -> (artifact id: '18bbbb4b5e282af6b09ecc5b9a865eae') in 0.024911 seconds 
========================================================================
Received Import Request.
  Time since last request: 0.000018 seconds.
  path: Assets/Low_Swordman/Demo/Pallet/Light_Soil_Sample_1.asset
  artifactKey: Guid(29bba71d18fa63546adb04ab4221f3d0) Importer(815301076,1909f56bfc062723c751e8b465ee728b)
Start importing Assets/Low_Swordman/Demo/Pallet/Light_Soil_Sample_1.asset using Guid(29bba71d18fa63546adb04ab4221f3d0) Importer(815301076,1909f56bfc062723c751e8b465ee728b)  -> (artifact id: '3bdc1b8eab805bdb620a159b430e55fe') in 0.025433 seconds 
========================================================================
Received Import Request.
  Time since last request: 0.000026 seconds.
  path: Assets/Low_Swordman/Demo/Sprite/LR.png
  artifactKey: Guid(d0445638e7ec597449759ae5ebba1c20) Importer(815301076,1909f56bfc062723c751e8b465ee728b)
Start importing Assets/Low_Swordman/Demo/Sprite/LR.png using Guid(d0445638e7ec597449759ae5ebba1c20) Importer(815301076,1909f56bfc062723c751e8b465ee728b)  -> (artifact id: '69066799266f5176f7eed1c379cd25f6') in 0.018016 seconds 
========================================================================
Received Import Request.
  Time since last request: 0.000019 seconds.
  path: Assets/Low_Swordman/Demo/Pallet/Light_Soil_Sample_45.asset
  artifactKey: Guid(46343c32a86fece47a7d479b59560e76) Importer(815301076,1909f56bfc062723c751e8b465ee728b)
Start importing Assets/Low_Swordman/Demo/Pallet/Light_Soil_Sample_45.asset using Guid(46343c32a86fece47a7d479b59560e76) Importer(815301076,1909f56bfc062723c751e8b465ee728b)  -> (artifact id: '8afbafba49aaaf18694228d146ec9419') in 0.026255 seconds 
========================================================================
Received Import Request.
  Time since last request: 0.000025 seconds.
  path: Assets/Low_Swordman/Demo/Pallet/Light_Soil_Sample_4.asset
  artifactKey: Guid(d993d82bdd854fb41881b4d9bf9c58cb) Importer(815301076,1909f56bfc062723c751e8b465ee728b)
Start importing Assets/Low_Swordman/Demo/Pallet/Light_Soil_Sample_4.asset using Guid(d993d82bdd854fb41881b4d9bf9c58cb) Importer(815301076,1909f56bfc062723c751e8b465ee728b)  -> (artifact id: '198fc68c3e35bdbc148663d7361f53ba') in 0.025043 seconds 
========================================================================
Received Import Request.
  Time since last request: 0.000020 seconds.
  path: Assets/Low_Swordman/Demo/Pallet/Light_Soil_Sample_15.asset
  artifactKey: Guid(32e3b9bd2ba13b743aab4b770af89c20) Importer(815301076,1909f56bfc062723c751e8b465ee728b)
Start importing Assets/Low_Swordman/Demo/Pallet/Light_Soil_Sample_15.asset using Guid(32e3b9bd2ba13b743aab4b770af89c20) Importer(815301076,1909f56bfc062723c751e8b465ee728b)  -> (artifact id: '3557eef07706a2be5b7e494dd67cf501') in 0.023281 seconds 
========================================================================
Received Import Request.
  Time since last request: 0.000021 seconds.
  path: Assets/Low_Swordman/Demo/Pallet/Light_Soil_Sample_5.asset
  artifactKey: Guid(0040101086d63a044ba1573fe2cf2a1c) Importer(815301076,1909f56bfc062723c751e8b465ee728b)
Start importing Assets/Low_Swordman/Demo/Pallet/Light_Soil_Sample_5.asset using Guid(0040101086d63a044ba1573fe2cf2a1c) Importer(815301076,1909f56bfc062723c751e8b465ee728b)  -> (artifact id: '402c4518d4e01b4c620044e2ac34b847') in 0.022044 seconds 
========================================================================
Received Import Request.
  Time since last request: 0.000065 seconds.
  path: Assets/Low_Swordman/Demo/Pallet/Light_Soil_Sample_18.asset
  artifactKey: Guid(3524a9487e57bf84c8d7e48cbcbbddab) Importer(815301076,1909f56bfc062723c751e8b465ee728b)
Start importing Assets/Low_Swordman/Demo/Pallet/Light_Soil_Sample_18.asset using Guid(3524a9487e57bf84c8d7e48cbcbbddab) Importer(815301076,1909f56bfc062723c751e8b465ee728b)  -> (artifact id: 'b6fb427b5b1dce42f9000dc36fc97aea') in 0.023938 seconds 
========================================================================
Received Import Request.
  Time since last request: 0.000023 seconds.
  path: Assets/Low_Swordman/Demo/Pallet/Light_Soil_Sample_46.asset
  artifactKey: Guid(33328288cc6250841a3f5d59cd801e7b) Importer(815301076,1909f56bfc062723c751e8b465ee728b)
Start importing Assets/Low_Swordman/Demo/Pallet/Light_Soil_Sample_46.asset using Guid(33328288cc6250841a3f5d59cd801e7b) Importer(815301076,1909f56bfc062723c751e8b465ee728b)  -> (artifact id: '6220646a4a4e2a702c987bbd37d98f97') in 0.026571 seconds 
========================================================================
Received Import Request.
  Time since last request: 0.000072 seconds.
  path: Assets/Low_Swordman/Demo/Pallet/Light_Soil_Sample_47.asset
  artifactKey: Guid(3ec9e054f9654384ab0f4b5c710b120f) Importer(815301076,1909f56bfc062723c751e8b465ee728b)
Start importing Assets/Low_Swordman/Demo/Pallet/Light_Soil_Sample_47.asset using Guid(3ec9e054f9654384ab0f4b5c710b120f) Importer(815301076,1909f56bfc062723c751e8b465ee728b)  -> (artifact id: 'd6ba94512cec6efa581a022b235cc00b') in 0.026038 seconds 
========================================================================
Received Import Request.
  Time since last request: 0.000026 seconds.
  path: Assets/Low_Swordman/Demo/Sprite/Cloud.png
  artifactKey: Guid(4183af6a174f2144288484ab0b83ba2a) Importer(815301076,1909f56bfc062723c751e8b465ee728b)
Start importing Assets/Low_Swordman/Demo/Sprite/Cloud.png using Guid(4183af6a174f2144288484ab0b83ba2a) Importer(815301076,1909f56bfc062723c751e8b465ee728b)  -> (artifact id: '42f6b7bfe1c8a33e583d1d64ef00b0e6') in 0.047473 seconds 
========================================================================
Received Import Request.
  Time since last request: 0.000028 seconds.
  path: Assets/Low_Swordman/Demo/Sprite/webGL-ui_attack.png
  artifactKey: Guid(2164c2559952e9d459b69f47322b7bb3) Importer(815301076,1909f56bfc062723c751e8b465ee728b)
Start importing Assets/Low_Swordman/Demo/Sprite/webGL-ui_attack.png using Guid(2164c2559952e9d459b69f47322b7bb3) Importer(815301076,1909f56bfc062723c751e8b465ee728b)  -> (artifact id: 'e0286d90dba75f1117810b92b930f5b6') in 0.016824 seconds 
========================================================================
Received Import Request.
  Time since last request: 0.000021 seconds.
  path: Assets/Low_Swordman/Demo/Pallet/Light_Soil_Sample_12.asset
  artifactKey: Guid(91ec2b43276efd74c872c01e059fbd48) Importer(815301076,1909f56bfc062723c751e8b465ee728b)
Start importing Assets/Low_Swordman/Demo/Pallet/Light_Soil_Sample_12.asset using Guid(91ec2b43276efd74c872c01e059fbd48) Importer(815301076,1909f56bfc062723c751e8b465ee728b)  -> (artifact id: 'a0633f8ee6b527337cb1cfad914a16b6') in 0.024233 seconds 
========================================================================
Received Import Request.
  Time since last request: 0.000029 seconds.
  path: Assets/Low_Swordman/Demo/Pallet/Light_Soil_Sample_8.asset
  artifactKey: Guid(ede63559b080bbf439149b2e60696928) Importer(815301076,1909f56bfc062723c751e8b465ee728b)
Start importing Assets/Low_Swordman/Demo/Pallet/Light_Soil_Sample_8.asset using Guid(ede63559b080bbf439149b2e60696928) Importer(815301076,1909f56bfc062723c751e8b465ee728b)  -> (artifact id: '3b1b56b8d897fbfa718e08215a0e149e') in 0.023025 seconds 
========================================================================
Received Import Request.
  Time since last request: 0.000067 seconds.
  path: Assets/Low_Swordman/Demo/Pallet/Light_Soil_Sample_38.asset
  artifactKey: Guid(2f4a87a05dde81440915481c2cfca2c8) Importer(815301076,1909f56bfc062723c751e8b465ee728b)
Start importing Assets/Low_Swordman/Demo/Pallet/Light_Soil_Sample_38.asset using Guid(2f4a87a05dde81440915481c2cfca2c8) Importer(815301076,1909f56bfc062723c751e8b465ee728b)  -> (artifact id: 'bcf28e62dfb265c7c30202f111b1cbd9') in 0.025159 seconds 
========================================================================
Received Import Request.
  Time since last request: 0.688793 seconds.
  path: Assets/Low_Swordman/Demo/Scripts/Swordman.cs
  artifactKey: Guid(e0f929248d997d24fa80adaa46f30d2b) Importer(815301076,1909f56bfc062723c751e8b465ee728b)
Start importing Assets/Low_Swordman/Demo/Scripts/Swordman.cs using Guid(e0f929248d997d24fa80adaa46f30d2b) Importer(815301076,1909f56bfc062723c751e8b465ee728b)  -> (artifact id: '044b15e5bfa04fdc80c4024d96baec11') in 0.008438 seconds 
========================================================================
Received Import Request.
  Time since last request: 19.816892 seconds.
  path: Assets/Low_Swordman/Demo/Scripts/CameraController.cs
  artifactKey: Guid(8ad45b29ea737234db7bc768128ac6dc) Importer(815301076,1909f56bfc062723c751e8b465ee728b)
Start importing Assets/Low_Swordman/Demo/Scripts/CameraController.cs using Guid(8ad45b29ea737234db7bc768128ac6dc) Importer(815301076,1909f56bfc062723c751e8b465ee728b)  -> (artifact id: 'e2a4f8a85f64af884cc7d8df9bc65406') in 0.012852 seconds 
========================================================================
Received Prepare
Registering precompiled user dll's ...
Registered in 0.004642 seconds.
Begin MonoManager ReloadAssembly
Symbol file LoadedFromMemory doesn't match image C:\Users\CNSB21\Documents\GitHub\TheFiveEnchantedLands\My project (2)\Library\PackageCache\com.unity.visualscripting@1.7.8\Editor\VisualScripting.Core\Dependencies\YamlDotNet\Unity.VisualScripting.YamlDotNet.dll
Symbol file LoadedFromMemory doesn't match image C:\Users\CNSB21\Documents\GitHub\TheFiveEnchantedLands\My project (2)\Library\PackageCache\com.unity.visualscripting@1.7.8\Editor\VisualScripting.Core\Dependencies\DotNetZip\Unity.VisualScripting.IonicZip.dll
Native extension for WindowsStandalone target not found
Native extension for Android target not found
Refreshing native plugins compatible for Editor in 1.60 ms, found 3 plugins.
Preloading 0 native plugins for Editor in 0.00 ms.
Mono: successfully reloaded assembly
- Completed reload, in  1.264 seconds
Domain Reload Profiling:
	ReloadAssembly (1265ms)
		BeginReloadAssembly (137ms)
			ExecutionOrderSort (0ms)
			DisableScriptedObjects (4ms)
			BackupInstance (0ms)
			ReleaseScriptingObjects (0ms)
			CreateAndSetChildDomain (35ms)
		EndReloadAssembly (1037ms)
			LoadAssemblies (91ms)
			RebuildTransferFunctionScriptingTraits (0ms)
			SetupTypeCache (358ms)
			ReleaseScriptCaches (2ms)
			RebuildScriptCaches (60ms)
			SetupLoadedEditorAssemblies (462ms)
				LogAssemblyErrors (0ms)
				InitializePlatformSupportModulesInManaged (29ms)
				SetLoadedEditorAssemblies (1ms)
				RefreshPlugins (2ms)
				BeforeProcessingInitializeOnLoad (86ms)
				ProcessInitializeOnLoadAttributes (298ms)
				ProcessInitializeOnLoadMethodAttributes (38ms)
				AfterProcessingInitializeOnLoad (9ms)
				EditorAssembliesLoaded (0ms)
			ExecutionOrderSort2 (0ms)
			AwakeInstancesAfterBackupRestoration (10ms)
Platform modules already initialized, skipping
Refreshing native plugins compatible for Editor in 3.19 ms, found 3 plugins.
Preloading 0 native plugins for Editor in 0.00 ms.
Unloading 3522 Unused Serialized files (Serialized files now loaded: 0)
Unloading 19 unused Assets / (95.4 KB). Loaded Objects now: 4043.
Memory consumption went from 128.9 MB to 128.8 MB.
Total: 4.659300 ms (FindLiveObjects: 0.371700 ms CreateObjectMapping: 0.343600 ms MarkObjects: 3.852700 ms  DeleteObjects: 0.090200 ms)

AssetImportParameters requested are different than current active one (requested -> active):
  custom:video-decoder-ogg-theora: a1e56fd34408186e4bbccfd4996cb3dc -> 
  custom:container-muxer-webm: aa71ff27fc2769a1b78a27578f13a17b -> 
  custom:container-demuxer-webm: 4f35f7cbe854078d1ac9338744f61a02 -> 
  custom:video-encoder-webm-vp8: eb34c28f22e8b96e1ab97ce403110664 -> 
  custom:audio-encoder-webm-vorbis: bf7c407c2cedff20999df2af8eb42d56 -> 
  custom:framework-win-MediaFoundation: 216162199b28c13a410421893ffa2e32 -> 
  custom:container-demuxer-ogg: 62fdf1f143b41e24485cea50d1cbac27 -> 
  custom:video-decoder-webm-vp8: 9c59270c3fd7afecdb556c50c9e8de78 -> 
  custom:audio-decoder-ogg-vorbis: bf7c407c2cedff20999df2af8eb42d56 -> 
========================================================================
Received Import Request.
  Time since last request: 63.519328 seconds.
  path: Assets/Scripts/KeyCollision.cs
  artifactKey: Guid(22cecad00c7d60c40951e551e7c19e64) Importer(815301076,1909f56bfc062723c751e8b465ee728b)
Start importing Assets/Scripts/KeyCollision.cs using Guid(22cecad00c7d60c40951e551e7c19e64) Importer(815301076,1909f56bfc062723c751e8b465ee728b)  -> (artifact id: '749019f0a7e8b6d26fac2e247c04f3d1') in 0.016981 seconds 
========================================================================
Received Import Request.
  Time since last request: 28.322852 seconds.
  path: Assets/Scripts/PlayerCollision.cs
  artifactKey: Guid(bed477388ecd59144b099a2c40f879c5) Importer(815301076,1909f56bfc062723c751e8b465ee728b)
Start importing Assets/Scripts/PlayerCollision.cs using Guid(bed477388ecd59144b099a2c40f879c5) Importer(815301076,1909f56bfc062723c751e8b465ee728b)  -> (artifact id: '3a2f4b20f854e19a38213a11f598ac50') in 0.011056 seconds 
========================================================================
Received Prepare
Registering precompiled user dll's ...
Registered in 0.004621 seconds.
Begin MonoManager ReloadAssembly
Symbol file LoadedFromMemory doesn't match image C:\Users\CNSB21\Documents\GitHub\TheFiveEnchantedLands\My project (2)\Library\PackageCache\com.unity.visualscripting@1.7.8\Editor\VisualScripting.Core\Dependencies\YamlDotNet\Unity.VisualScripting.YamlDotNet.dll
Symbol file LoadedFromMemory doesn't match image C:\Users\CNSB21\Documents\GitHub\TheFiveEnchantedLands\My project (2)\Library\PackageCache\com.unity.visualscripting@1.7.8\Editor\VisualScripting.Core\Dependencies\DotNetZip\Unity.VisualScripting.IonicZip.dll
Native extension for WindowsStandalone target not found
Native extension for Android target not found
Refreshing native plugins compatible for Editor in 1.27 ms, found 3 plugins.
Preloading 0 native plugins for Editor in 0.00 ms.
Mono: successfully reloaded assembly
- Completed reload, in  1.326 seconds
Domain Reload Profiling:
	ReloadAssembly (1327ms)
		BeginReloadAssembly (193ms)
			ExecutionOrderSort (0ms)
			DisableScriptedObjects (5ms)
			BackupInstance (0ms)
			ReleaseScriptingObjects (0ms)
			CreateAndSetChildDomain (62ms)
		EndReloadAssembly (1012ms)
			LoadAssemblies (132ms)
			RebuildTransferFunctionScriptingTraits (0ms)
			SetupTypeCache (347ms)
			ReleaseScriptCaches (2ms)
			RebuildScriptCaches (60ms)
			SetupLoadedEditorAssemblies (435ms)
				LogAssemblyErrors (0ms)
				InitializePlatformSupportModulesInManaged (27ms)
				SetLoadedEditorAssemblies (1ms)
				RefreshPlugins (1ms)
				BeforeProcessingInitializeOnLoad (81ms)
				ProcessInitializeOnLoadAttributes (282ms)
				ProcessInitializeOnLoadMethodAttributes (35ms)
				AfterProcessingInitializeOnLoad (9ms)
				EditorAssembliesLoaded (0ms)
			ExecutionOrderSort2 (0ms)
			AwakeInstancesAfterBackupRestoration (9ms)
Platform modules already initialized, skipping
Refreshing native plugins compatible for Editor in 3.71 ms, found 3 plugins.
Preloading 0 native plugins for Editor in 0.00 ms.
Unloading 3522 Unused Serialized files (Serialized files now loaded: 0)
Unloading 19 unused Assets / (95.4 KB). Loaded Objects now: 4058.
Memory consumption went from 128.9 MB to 128.8 MB.
Total: 4.966400 ms (FindLiveObjects: 0.509100 ms CreateObjectMapping: 0.369800 ms MarkObjects: 3.995600 ms  DeleteObjects: 0.089000 ms)

AssetImportParameters requested are different than current active one (requested -> active):
  custom:video-decoder-ogg-theora: a1e56fd34408186e4bbccfd4996cb3dc -> 
  custom:container-muxer-webm: aa71ff27fc2769a1b78a27578f13a17b -> 
  custom:container-demuxer-webm: 4f35f7cbe854078d1ac9338744f61a02 -> 
  custom:video-encoder-webm-vp8: eb34c28f22e8b96e1ab97ce403110664 -> 
  custom:audio-encoder-webm-vorbis: bf7c407c2cedff20999df2af8eb42d56 -> 
  custom:framework-win-MediaFoundation: 216162199b28c13a410421893ffa2e32 -> 
  custom:container-demuxer-ogg: 62fdf1f143b41e24485cea50d1cbac27 -> 
  custom:video-decoder-webm-vp8: 9c59270c3fd7afecdb556c50c9e8de78 -> 
  custom:audio-decoder-ogg-vorbis: bf7c407c2cedff20999df2af8eb42d56 -> 
========================================================================
Received Prepare
Registering precompiled user dll's ...
Registered in 0.005595 seconds.
Begin MonoManager ReloadAssembly
Symbol file LoadedFromMemory doesn't match image C:\Users\CNSB21\Documents\GitHub\TheFiveEnchantedLands\My project (2)\Library\PackageCache\com.unity.visualscripting@1.7.8\Editor\VisualScripting.Core\Dependencies\YamlDotNet\Unity.VisualScripting.YamlDotNet.dll
Symbol file LoadedFromMemory doesn't match image C:\Users\CNSB21\Documents\GitHub\TheFiveEnchantedLands\My project (2)\Library\PackageCache\com.unity.visualscripting@1.7.8\Editor\VisualScripting.Core\Dependencies\DotNetZip\Unity.VisualScripting.IonicZip.dll
Native extension for WindowsStandalone target not found
Native extension for Android target not found
Refreshing native plugins compatible for Editor in 1.67 ms, found 3 plugins.
Preloading 0 native plugins for Editor in 0.00 ms.
Mono: successfully reloaded assembly
- Completed reload, in  1.168 seconds
Domain Reload Profiling:
	ReloadAssembly (1169ms)
		BeginReloadAssembly (128ms)
			ExecutionOrderSort (0ms)
			DisableScriptedObjects (4ms)
			BackupInstance (0ms)
			ReleaseScriptingObjects (0ms)
			CreateAndSetChildDomain (34ms)
		EndReloadAssembly (948ms)
			LoadAssemblies (88ms)
			RebuildTransferFunctionScriptingTraits (0ms)
			SetupTypeCache (311ms)
			ReleaseScriptCaches (2ms)
			RebuildScriptCaches (47ms)
			SetupLoadedEditorAssemblies (445ms)
				LogAssemblyErrors (0ms)
				InitializePlatformSupportModulesInManaged (26ms)
				SetLoadedEditorAssemblies (1ms)
				RefreshPlugins (2ms)
				BeforeProcessingInitializeOnLoad (84ms)
				ProcessInitializeOnLoadAttributes (287ms)
				ProcessInitializeOnLoadMethodAttributes (37ms)
				AfterProcessingInitializeOnLoad (8ms)
				EditorAssembliesLoaded (1ms)
			ExecutionOrderSort2 (0ms)
			AwakeInstancesAfterBackupRestoration (10ms)
Platform modules already initialized, skipping
Refreshing native plugins compatible for Editor in 4.38 ms, found 3 plugins.
Preloading 0 native plugins for Editor in 0.00 ms.
Unloading 3522 Unused Serialized files (Serialized files now loaded: 0)
Unloading 19 unused Assets / (95.4 KB). Loaded Objects now: 4073.
Memory consumption went from 128.9 MB to 128.8 MB.
Total: 5.198300 ms (FindLiveObjects: 0.894100 ms CreateObjectMapping: 0.302600 ms MarkObjects: 3.949600 ms  DeleteObjects: 0.050800 ms)

AssetImportParameters requested are different than current active one (requested -> active):
  custom:video-decoder-ogg-theora: a1e56fd34408186e4bbccfd4996cb3dc -> 
  custom:container-muxer-webm: aa71ff27fc2769a1b78a27578f13a17b -> 
  custom:container-demuxer-webm: 4f35f7cbe854078d1ac9338744f61a02 -> 
  custom:video-encoder-webm-vp8: eb34c28f22e8b96e1ab97ce403110664 -> 
  custom:audio-encoder-webm-vorbis: bf7c407c2cedff20999df2af8eb42d56 -> 
  custom:framework-win-MediaFoundation: 216162199b28c13a410421893ffa2e32 -> 
  custom:container-demuxer-ogg: 62fdf1f143b41e24485cea50d1cbac27 -> 
  custom:video-decoder-webm-vp8: 9c59270c3fd7afecdb556c50c9e8de78 -> 
  custom:audio-decoder-ogg-vorbis: bf7c407c2cedff20999df2af8eb42d56 -> 
========================================================================
Received Prepare
Registering precompiled user dll's ...
Registered in 0.005987 seconds.
Begin MonoManager ReloadAssembly
Symbol file LoadedFromMemory doesn't match image C:\Users\CNSB21\Documents\GitHub\TheFiveEnchantedLands\My project (2)\Library\PackageCache\com.unity.visualscripting@1.7.8\Editor\VisualScripting.Core\Dependencies\YamlDotNet\Unity.VisualScripting.YamlDotNet.dll
Symbol file LoadedFromMemory doesn't match image C:\Users\CNSB21\Documents\GitHub\TheFiveEnchantedLands\My project (2)\Library\PackageCache\com.unity.visualscripting@1.7.8\Editor\VisualScripting.Core\Dependencies\DotNetZip\Unity.VisualScripting.IonicZip.dll
Native extension for WindowsStandalone target not found
Native extension for Android target not found
Refreshing native plugins compatible for Editor in 0.87 ms, found 3 plugins.
Preloading 0 native plugins for Editor in 0.00 ms.
Mono: successfully reloaded assembly
- Completed reload, in  1.019 seconds
Domain Reload Profiling:
	ReloadAssembly (1020ms)
		BeginReloadAssembly (133ms)
			ExecutionOrderSort (0ms)
			DisableScriptedObjects (4ms)
			BackupInstance (0ms)
			ReleaseScriptingObjects (0ms)
			CreateAndSetChildDomain (34ms)
		EndReloadAssembly (793ms)
			LoadAssemblies (93ms)
			RebuildTransferFunctionScriptingTraits (0ms)
			SetupTypeCache (288ms)
			ReleaseScriptCaches (1ms)
			RebuildScriptCaches (39ms)
			SetupLoadedEditorAssemblies (338ms)
				LogAssemblyErrors (0ms)
				InitializePlatformSupportModulesInManaged (21ms)
				SetLoadedEditorAssemblies (1ms)
				RefreshPlugins (1ms)
				BeforeProcessingInitializeOnLoad (65ms)
				ProcessInitializeOnLoadAttributes (209ms)
				ProcessInitializeOnLoadMethodAttributes (33ms)
				AfterProcessingInitializeOnLoad (8ms)
				EditorAssembliesLoaded (0ms)
			ExecutionOrderSort2 (0ms)
			AwakeInstancesAfterBackupRestoration (8ms)
Platform modules already initialized, skipping
Refreshing native plugins compatible for Editor in 2.02 ms, found 3 plugins.
Preloading 0 native plugins for Editor in 0.00 ms.
Unloading 3522 Unused Serialized files (Serialized files now loaded: 0)
Unloading 19 unused Assets / (95.3 KB). Loaded Objects now: 4088.
Memory consumption went from 129.0 MB to 128.9 MB.
Total: 2.653100 ms (FindLiveObjects: 0.269200 ms CreateObjectMapping: 0.172600 ms MarkObjects: 2.177400 ms  DeleteObjects: 0.033000 ms)

AssetImportParameters requested are different than current active one (requested -> active):
  custom:video-decoder-ogg-theora: a1e56fd34408186e4bbccfd4996cb3dc -> 
  custom:container-muxer-webm: aa71ff27fc2769a1b78a27578f13a17b -> 
  custom:container-demuxer-webm: 4f35f7cbe854078d1ac9338744f61a02 -> 
  custom:video-encoder-webm-vp8: eb34c28f22e8b96e1ab97ce403110664 -> 
  custom:audio-encoder-webm-vorbis: bf7c407c2cedff20999df2af8eb42d56 -> 
  custom:framework-win-MediaFoundation: 216162199b28c13a410421893ffa2e32 -> 
  custom:container-demuxer-ogg: 62fdf1f143b41e24485cea50d1cbac27 -> 
  custom:video-decoder-webm-vp8: 9c59270c3fd7afecdb556c50c9e8de78 -> 
  custom:audio-decoder-ogg-vorbis: bf7c407c2cedff20999df2af8eb42d56 -> 
========================================================================
Received Prepare
Registering precompiled user dll's ...
Registered in 0.004944 seconds.
Begin MonoManager ReloadAssembly
Symbol file LoadedFromMemory doesn't match image C:\Users\CNSB21\Documents\GitHub\TheFiveEnchantedLands\My project (2)\Library\PackageCache\com.unity.visualscripting@1.7.8\Editor\VisualScripting.Core\Dependencies\YamlDotNet\Unity.VisualScripting.YamlDotNet.dll
Symbol file LoadedFromMemory doesn't match image C:\Users\CNSB21\Documents\GitHub\TheFiveEnchantedLands\My project (2)\Library\PackageCache\com.unity.visualscripting@1.7.8\Editor\VisualScripting.Core\Dependencies\DotNetZip\Unity.VisualScripting.IonicZip.dll
Native extension for WindowsStandalone target not found
Native extension for Android target not found
Refreshing native plugins compatible for Editor in 1.29 ms, found 3 plugins.
Preloading 0 native plugins for Editor in 0.00 ms.
Mono: successfully reloaded assembly
- Completed reload, in  1.156 seconds
Domain Reload Profiling:
	ReloadAssembly (1157ms)
		BeginReloadAssembly (125ms)
			ExecutionOrderSort (0ms)
			DisableScriptedObjects (5ms)
			BackupInstance (0ms)
			ReleaseScriptingObjects (0ms)
			CreateAndSetChildDomain (32ms)
		EndReloadAssembly (936ms)
			LoadAssemblies (89ms)
			RebuildTransferFunctionScriptingTraits (0ms)
			SetupTypeCache (293ms)
			ReleaseScriptCaches (2ms)
			RebuildScriptCaches (52ms)
			SetupLoadedEditorAssemblies (448ms)
				LogAssemblyErrors (0ms)
				InitializePlatformSupportModulesInManaged (27ms)
				SetLoadedEditorAssemblies (1ms)
				RefreshPlugins (1ms)
				BeforeProcessingInitializeOnLoad (85ms)
				ProcessInitializeOnLoadAttributes (294ms)
				ProcessInitializeOnLoadMethodAttributes (32ms)
				AfterProcessingInitializeOnLoad (8ms)
				EditorAssembliesLoaded (0ms)
			ExecutionOrderSort2 (0ms)
			AwakeInstancesAfterBackupRestoration (8ms)
Platform modules already initialized, skipping
Refreshing native plugins compatible for Editor in 2.34 ms, found 3 plugins.
Preloading 0 native plugins for Editor in 0.00 ms.
Unloading 3522 Unused Serialized files (Serialized files now loaded: 0)
Unloading 19 unused Assets / (95.4 KB). Loaded Objects now: 4103.
Memory consumption went from 129.0 MB to 128.9 MB.
Total: 4.519000 ms (FindLiveObjects: 0.879500 ms CreateObjectMapping: 0.247400 ms MarkObjects: 3.324200 ms  DeleteObjects: 0.066700 ms)

AssetImportParameters requested are different than current active one (requested -> active):
  custom:video-decoder-ogg-theora: a1e56fd34408186e4bbccfd4996cb3dc -> 
  custom:container-muxer-webm: aa71ff27fc2769a1b78a27578f13a17b -> 
  custom:container-demuxer-webm: 4f35f7cbe854078d1ac9338744f61a02 -> 
  custom:video-encoder-webm-vp8: eb34c28f22e8b96e1ab97ce403110664 -> 
  custom:audio-encoder-webm-vorbis: bf7c407c2cedff20999df2af8eb42d56 -> 
  custom:framework-win-MediaFoundation: 216162199b28c13a410421893ffa2e32 -> 
  custom:container-demuxer-ogg: 62fdf1f143b41e24485cea50d1cbac27 -> 
  custom:video-decoder-webm-vp8: 9c59270c3fd7afecdb556c50c9e8de78 -> 
  custom:audio-decoder-ogg-vorbis: bf7c407c2cedff20999df2af8eb42d56 -> 
========================================================================
Received Prepare
Registering precompiled user dll's ...
Registered in 0.004815 seconds.
Begin MonoManager ReloadAssembly
Symbol file LoadedFromMemory doesn't match image C:\Users\CNSB21\Documents\GitHub\TheFiveEnchantedLands\My project (2)\Library\PackageCache\com.unity.visualscripting@1.7.8\Editor\VisualScripting.Core\Dependencies\YamlDotNet\Unity.VisualScripting.YamlDotNet.dll
Symbol file LoadedFromMemory doesn't match image C:\Users\CNSB21\Documents\GitHub\TheFiveEnchantedLands\My project (2)\Library\PackageCache\com.unity.visualscripting@1.7.8\Editor\VisualScripting.Core\Dependencies\DotNetZip\Unity.VisualScripting.IonicZip.dll
Native extension for WindowsStandalone target not found
Native extension for Android target not found
Refreshing native plugins compatible for Editor in 1.22 ms, found 3 plugins.
Preloading 0 native plugins for Editor in 0.00 ms.
Mono: successfully reloaded assembly
- Completed reload, in  0.947 seconds
Domain Reload Profiling:
	ReloadAssembly (948ms)
		BeginReloadAssembly (136ms)
			ExecutionOrderSort (0ms)
			DisableScriptedObjects (5ms)
			BackupInstance (0ms)
			ReleaseScriptingObjects (0ms)
			CreateAndSetChildDomain (31ms)
		EndReloadAssembly (720ms)
			LoadAssemblies (95ms)
			RebuildTransferFunctionScriptingTraits (0ms)
			SetupTypeCache (240ms)
			ReleaseScriptCaches (1ms)
			RebuildScriptCaches (39ms)
			SetupLoadedEditorAssemblies (318ms)
				LogAssemblyErrors (0ms)
				InitializePlatformSupportModulesInManaged (20ms)
				SetLoadedEditorAssemblies (1ms)
				RefreshPlugins (1ms)
				BeforeProcessingInitializeOnLoad (63ms)
				ProcessInitializeOnLoadAttributes (201ms)
				ProcessInitializeOnLoadMethodAttributes (23ms)
				AfterProcessingInitializeOnLoad (9ms)
				EditorAssembliesLoaded (0ms)
			ExecutionOrderSort2 (0ms)
			AwakeInstancesAfterBackupRestoration (7ms)
Platform modules already initialized, skipping
Refreshing native plugins compatible for Editor in 1.99 ms, found 3 plugins.
Preloading 0 native plugins for Editor in 0.00 ms.
Unloading 3522 Unused Serialized files (Serialized files now loaded: 0)
Unloading 19 unused Assets / (95.5 KB). Loaded Objects now: 4118.
Memory consumption went from 129.0 MB to 128.9 MB.
Total: 2.743000 ms (FindLiveObjects: 0.280900 ms CreateObjectMapping: 0.181300 ms MarkObjects: 2.247600 ms  DeleteObjects: 0.032400 ms)

AssetImportParameters requested are different than current active one (requested -> active):
  custom:video-decoder-ogg-theora: a1e56fd34408186e4bbccfd4996cb3dc -> 
  custom:container-muxer-webm: aa71ff27fc2769a1b78a27578f13a17b -> 
  custom:container-demuxer-webm: 4f35f7cbe854078d1ac9338744f61a02 -> 
  custom:video-encoder-webm-vp8: eb34c28f22e8b96e1ab97ce403110664 -> 
  custom:audio-encoder-webm-vorbis: bf7c407c2cedff20999df2af8eb42d56 -> 
  custom:framework-win-MediaFoundation: 216162199b28c13a410421893ffa2e32 -> 
  custom:container-demuxer-ogg: 62fdf1f143b41e24485cea50d1cbac27 -> 
  custom:video-decoder-webm-vp8: 9c59270c3fd7afecdb556c50c9e8de78 -> 
  custom:audio-decoder-ogg-vorbis: bf7c407c2cedff20999df2af8eb42d56 -> 
========================================================================
Received Prepare
Registering precompiled user dll's ...
Registered in 0.007193 seconds.
Begin MonoManager ReloadAssembly
Symbol file LoadedFromMemory doesn't match image C:\Users\CNSB21\Documents\GitHub\TheFiveEnchantedLands\My project (2)\Library\PackageCache\com.unity.visualscripting@1.7.8\Editor\VisualScripting.Core\Dependencies\YamlDotNet\Unity.VisualScripting.YamlDotNet.dll
Symbol file LoadedFromMemory doesn't match image C:\Users\CNSB21\Documents\GitHub\TheFiveEnchantedLands\My project (2)\Library\PackageCache\com.unity.visualscripting@1.7.8\Editor\VisualScripting.Core\Dependencies\DotNetZip\Unity.VisualScripting.IonicZip.dll
Native extension for WindowsStandalone target not found
Native extension for Android target not found
Refreshing native plugins compatible for Editor in 0.75 ms, found 3 plugins.
Preloading 0 native plugins for Editor in 0.00 ms.
Mono: successfully reloaded assembly
- Completed reload, in  1.048 seconds
Domain Reload Profiling:
	ReloadAssembly (1049ms)
		BeginReloadAssembly (123ms)
			ExecutionOrderSort (0ms)
			DisableScriptedObjects (4ms)
			BackupInstance (0ms)
			ReleaseScriptingObjects (0ms)
			CreateAndSetChildDomain (30ms)
		EndReloadAssembly (835ms)
			LoadAssemblies (195ms)
			RebuildTransferFunctionScriptingTraits (0ms)
			SetupTypeCache (250ms)
			ReleaseScriptCaches (1ms)
			RebuildScriptCaches (39ms)
			SetupLoadedEditorAssemblies (316ms)
				LogAssemblyErrors (0ms)
				InitializePlatformSupportModulesInManaged (19ms)
				SetLoadedEditorAssemblies (0ms)
				RefreshPlugins (1ms)
				BeforeProcessingInitializeOnLoad (62ms)
				ProcessInitializeOnLoadAttributes (204ms)
				ProcessInitializeOnLoadMethodAttributes (22ms)
				AfterProcessingInitializeOnLoad (7ms)
				EditorAssembliesLoaded (0ms)
			ExecutionOrderSort2 (0ms)
			AwakeInstancesAfterBackupRestoration (6ms)
Platform modules already initialized, skipping
Refreshing native plugins compatible for Editor in 2.13 ms, found 3 plugins.
Preloading 0 native plugins for Editor in 0.00 ms.
Unloading 3522 Unused Serialized files (Serialized files now loaded: 0)
Unloading 19 unused Assets / (95.3 KB). Loaded Objects now: 4133.
Memory consumption went from 129.0 MB to 128.9 MB.
Total: 2.751400 ms (FindLiveObjects: 0.323300 ms CreateObjectMapping: 0.201700 ms MarkObjects: 2.190800 ms  DeleteObjects: 0.034800 ms)

AssetImportParameters requested are different than current active one (requested -> active):
  custom:video-decoder-ogg-theora: a1e56fd34408186e4bbccfd4996cb3dc -> 
  custom:container-muxer-webm: aa71ff27fc2769a1b78a27578f13a17b -> 
  custom:container-demuxer-webm: 4f35f7cbe854078d1ac9338744f61a02 -> 
  custom:video-encoder-webm-vp8: eb34c28f22e8b96e1ab97ce403110664 -> 
  custom:audio-encoder-webm-vorbis: bf7c407c2cedff20999df2af8eb42d56 -> 
  custom:framework-win-MediaFoundation: 216162199b28c13a410421893ffa2e32 -> 
  custom:container-demuxer-ogg: 62fdf1f143b41e24485cea50d1cbac27 -> 
  custom:video-decoder-webm-vp8: 9c59270c3fd7afecdb556c50c9e8de78 -> 
  custom:audio-decoder-ogg-vorbis: bf7c407c2cedff20999df2af8eb42d56 -> 
========================================================================
Received Prepare
Registering precompiled user dll's ...
Registered in 0.004951 seconds.
Begin MonoManager ReloadAssembly
Symbol file LoadedFromMemory doesn't match image C:\Users\CNSB21\Documents\GitHub\TheFiveEnchantedLands\My project (2)\Library\PackageCache\com.unity.visualscripting@1.7.8\Editor\VisualScripting.Core\Dependencies\YamlDotNet\Unity.VisualScripting.YamlDotNet.dll
Symbol file LoadedFromMemory doesn't match image C:\Users\CNSB21\Documents\GitHub\TheFiveEnchantedLands\My project (2)\Library\PackageCache\com.unity.visualscripting@1.7.8\Editor\VisualScripting.Core\Dependencies\DotNetZip\Unity.VisualScripting.IonicZip.dll
Native extension for WindowsStandalone target not found
Native extension for Android target not found
Refreshing native plugins compatible for Editor in 0.72 ms, found 3 plugins.
Preloading 0 native plugins for Editor in 0.00 ms.
Mono: successfully reloaded assembly
- Completed reload, in  0.992 seconds
Domain Reload Profiling:
	ReloadAssembly (992ms)
		BeginReloadAssembly (146ms)
			ExecutionOrderSort (0ms)
			DisableScriptedObjects (5ms)
			BackupInstance (0ms)
			ReleaseScriptingObjects (0ms)
			CreateAndSetChildDomain (39ms)
		EndReloadAssembly (746ms)
			LoadAssemblies (98ms)
			RebuildTransferFunctionScriptingTraits (0ms)
			SetupTypeCache (252ms)
			ReleaseScriptCaches (1ms)
			RebuildScriptCaches (44ms)
			SetupLoadedEditorAssemblies (324ms)
				LogAssemblyErrors (0ms)
				InitializePlatformSupportModulesInManaged (19ms)
				SetLoadedEditorAssemblies (0ms)
				RefreshPlugins (1ms)
				BeforeProcessingInitializeOnLoad (68ms)
				ProcessInitializeOnLoadAttributes (206ms)
				ProcessInitializeOnLoadMethodAttributes (23ms)
				AfterProcessingInitializeOnLoad (7ms)
				EditorAssembliesLoaded (1ms)
			ExecutionOrderSort2 (0ms)
			AwakeInstancesAfterBackupRestoration (6ms)
Platform modules already initialized, skipping
Refreshing native plugins compatible for Editor in 1.82 ms, found 3 plugins.
Preloading 0 native plugins for Editor in 0.00 ms.
Unloading 3522 Unused Serialized files (Serialized files now loaded: 0)
Unloading 19 unused Assets / (95.3 KB). Loaded Objects now: 4148.
Memory consumption went from 129.0 MB to 128.9 MB.
Total: 3.134700 ms (FindLiveObjects: 0.360500 ms CreateObjectMapping: 0.224200 ms MarkObjects: 2.517500 ms  DeleteObjects: 0.031800 ms)

AssetImportParameters requested are different than current active one (requested -> active):
  custom:video-decoder-ogg-theora: a1e56fd34408186e4bbccfd4996cb3dc -> 
  custom:container-muxer-webm: aa71ff27fc2769a1b78a27578f13a17b -> 
  custom:container-demuxer-webm: 4f35f7cbe854078d1ac9338744f61a02 -> 
  custom:video-encoder-webm-vp8: eb34c28f22e8b96e1ab97ce403110664 -> 
  custom:audio-encoder-webm-vorbis: bf7c407c2cedff20999df2af8eb42d56 -> 
  custom:framework-win-MediaFoundation: 216162199b28c13a410421893ffa2e32 -> 
  custom:container-demuxer-ogg: 62fdf1f143b41e24485cea50d1cbac27 -> 
  custom:video-decoder-webm-vp8: 9c59270c3fd7afecdb556c50c9e8de78 -> 
  custom:audio-decoder-ogg-vorbis: bf7c407c2cedff20999df2af8eb42d56 -> 
========================================================================
Received Prepare
Registering precompiled user dll's ...
Registered in 0.004693 seconds.
Begin MonoManager ReloadAssembly
Symbol file LoadedFromMemory doesn't match image C:\Users\CNSB21\Documents\GitHub\TheFiveEnchantedLands\My project (2)\Library\PackageCache\com.unity.visualscripting@1.7.8\Editor\VisualScripting.Core\Dependencies\YamlDotNet\Unity.VisualScripting.YamlDotNet.dll
Symbol file LoadedFromMemory doesn't match image C:\Users\CNSB21\Documents\GitHub\TheFiveEnchantedLands\My project (2)\Library\PackageCache\com.unity.visualscripting@1.7.8\Editor\VisualScripting.Core\Dependencies\DotNetZip\Unity.VisualScripting.IonicZip.dll
Native extension for WindowsStandalone target not found
Native extension for Android target not found
Refreshing native plugins compatible for Editor in 1.61 ms, found 3 plugins.
Preloading 0 native plugins for Editor in 0.00 ms.
Mono: successfully reloaded assembly
- Completed reload, in  1.255 seconds
Domain Reload Profiling:
	ReloadAssembly (1255ms)
		BeginReloadAssembly (126ms)
			ExecutionOrderSort (0ms)
			DisableScriptedObjects (5ms)
			BackupInstance (0ms)
			ReleaseScriptingObjects (0ms)
			CreateAndSetChildDomain (35ms)
		EndReloadAssembly (1038ms)
			LoadAssemblies (87ms)
			RebuildTransferFunctionScriptingTraits (0ms)
			SetupTypeCache (372ms)
			ReleaseScriptCaches (2ms)
			RebuildScriptCaches (62ms)
			SetupLoadedEditorAssemblies (438ms)
				LogAssemblyErrors (0ms)
				InitializePlatformSupportModulesInManaged (27ms)
				SetLoadedEditorAssemblies (0ms)
				RefreshPlugins (2ms)
				BeforeProcessingInitializeOnLoad (86ms)
				ProcessInitializeOnLoadAttributes (282ms)
				ProcessInitializeOnLoadMethodAttributes (32ms)
				AfterProcessingInitializeOnLoad (9ms)
				EditorAssembliesLoaded (0ms)
			ExecutionOrderSort2 (0ms)
			AwakeInstancesAfterBackupRestoration (8ms)
Platform modules already initialized, skipping
Refreshing native plugins compatible for Editor in 3.09 ms, found 3 plugins.
Preloading 0 native plugins for Editor in 0.00 ms.
Unloading 3522 Unused Serialized files (Serialized files now loaded: 0)
Unloading 19 unused Assets / (95.3 KB). Loaded Objects now: 4163.
Memory consumption went from 129.0 MB to 128.9 MB.
Total: 4.296100 ms (FindLiveObjects: 0.343800 ms CreateObjectMapping: 0.214000 ms MarkObjects: 3.685200 ms  DeleteObjects: 0.051600 ms)

AssetImportParameters requested are different than current active one (requested -> active):
  custom:video-decoder-ogg-theora: a1e56fd34408186e4bbccfd4996cb3dc -> 
  custom:container-muxer-webm: aa71ff27fc2769a1b78a27578f13a17b -> 
  custom:container-demuxer-webm: 4f35f7cbe854078d1ac9338744f61a02 -> 
  custom:video-encoder-webm-vp8: eb34c28f22e8b96e1ab97ce403110664 -> 
  custom:audio-encoder-webm-vorbis: bf7c407c2cedff20999df2af8eb42d56 -> 
  custom:framework-win-MediaFoundation: 216162199b28c13a410421893ffa2e32 -> 
  custom:container-demuxer-ogg: 62fdf1f143b41e24485cea50d1cbac27 -> 
  custom:video-decoder-webm-vp8: 9c59270c3fd7afecdb556c50c9e8de78 -> 
  custom:audio-decoder-ogg-vorbis: bf7c407c2cedff20999df2af8eb42d56 -> 
========================================================================
Received Prepare
Registering precompiled user dll's ...
Registered in 0.004837 seconds.
Begin MonoManager ReloadAssembly
Symbol file LoadedFromMemory doesn't match image C:\Users\CNSB21\Documents\GitHub\TheFiveEnchantedLands\My project (2)\Library\PackageCache\com.unity.visualscripting@1.7.8\Editor\VisualScripting.Core\Dependencies\YamlDotNet\Unity.VisualScripting.YamlDotNet.dll
Symbol file LoadedFromMemory doesn't match image C:\Users\CNSB21\Documents\GitHub\TheFiveEnchantedLands\My project (2)\Library\PackageCache\com.unity.visualscripting@1.7.8\Editor\VisualScripting.Core\Dependencies\DotNetZip\Unity.VisualScripting.IonicZip.dll
Native extension for WindowsStandalone target not found
Native extension for Android target not found
Refreshing native plugins compatible for Editor in 2.54 ms, found 3 plugins.
Preloading 0 native plugins for Editor in 0.00 ms.
Mono: successfully reloaded assembly
- Completed reload, in  1.198 seconds
Domain Reload Profiling:
	ReloadAssembly (1199ms)
		BeginReloadAssembly (126ms)
			ExecutionOrderSort (0ms)
			DisableScriptedObjects (4ms)
			BackupInstance (0ms)
			ReleaseScriptingObjects (0ms)
			CreateAndSetChildDomain (36ms)
		EndReloadAssembly (979ms)
			LoadAssemblies (91ms)
			RebuildTransferFunctionScriptingTraits (0ms)
			SetupTypeCache (306ms)
			ReleaseScriptCaches (1ms)
			RebuildScriptCaches (63ms)
			SetupLoadedEditorAssemblies (447ms)
				LogAssemblyErrors (0ms)
				InitializePlatformSupportModulesInManaged (27ms)
				SetLoadedEditorAssemblies (1ms)
				RefreshPlugins (3ms)
				BeforeProcessingInitializeOnLoad (86ms)
				ProcessInitializeOnLoadAttributes (288ms)
				ProcessInitializeOnLoadMethodAttributes (33ms)
				AfterProcessingInitializeOnLoad (9ms)
				EditorAssembliesLoaded (0ms)
			ExecutionOrderSort2 (0ms)
			AwakeInstancesAfterBackupRestoration (9ms)
Platform modules already initialized, skipping
Refreshing native plugins compatible for Editor in 3.12 ms, found 3 plugins.
Preloading 0 native plugins for Editor in 0.00 ms.
Unloading 3522 Unused Serialized files (Serialized files now loaded: 0)
Unloading 19 unused Assets / (95.4 KB). Loaded Objects now: 4178.
Memory consumption went from 129.1 MB to 129.0 MB.
Total: 4.738800 ms (FindLiveObjects: 0.545900 ms CreateObjectMapping: 0.912600 ms MarkObjects: 3.200200 ms  DeleteObjects: 0.078100 ms)

AssetImportParameters requested are different than current active one (requested -> active):
  custom:video-decoder-ogg-theora: a1e56fd34408186e4bbccfd4996cb3dc -> 
  custom:container-muxer-webm: aa71ff27fc2769a1b78a27578f13a17b -> 
  custom:container-demuxer-webm: 4f35f7cbe854078d1ac9338744f61a02 -> 
  custom:video-encoder-webm-vp8: eb34c28f22e8b96e1ab97ce403110664 -> 
  custom:audio-encoder-webm-vorbis: bf7c407c2cedff20999df2af8eb42d56 -> 
  custom:framework-win-MediaFoundation: 216162199b28c13a410421893ffa2e32 -> 
  custom:container-demuxer-ogg: 62fdf1f143b41e24485cea50d1cbac27 -> 
  custom:video-decoder-webm-vp8: 9c59270c3fd7afecdb556c50c9e8de78 -> 
  custom:audio-decoder-ogg-vorbis: bf7c407c2cedff20999df2af8eb42d56 -> 
